@!@!@STARTMSG 2262:0 @!@!@
TLC2 Version 2.16 of 31 December 2020 (rev: cdddf55)
@!@!@ENDMSG 2262 @!@!@
@!@!@STARTMSG 2187:0 @!@!@
Running breadth-first search Model-Checking with fp 76 and seed 5924163369102838609 with 1 worker on 16 cores with 3509MB heap and 64MB offheap memory [pid: 20672] (Windows 10 10.0 amd64, AdoptOpenJDK 14.0.1 x86_64, MSBDiskFPSet, DiskStateQueue).
@!@!@ENDMSG 2187 @!@!@
@!@!@STARTMSG 2220:0 @!@!@
Starting SANY...
@!@!@ENDMSG 2220 @!@!@
Parsing file D:\study-work\verification-formelle\wgc\wgc.toolbox\Model_1\TE.tla
Parsing file D:\study-work\verification-formelle\wgc\wgc.toolbox\Model_1\wgc.tla
Parsing file C:\toolbox\plugins\org.lamport.tlatools_1.0.0.202012311918\tla2sany\StandardModules\Toolbox.tla
Parsing file C:\toolbox\plugins\org.lamport.tlatools_1.0.0.202012311918\tla2sany\StandardModules\TLC.tla
Parsing file C:\toolbox\plugins\org.lamport.tlatools_1.0.0.202012311918\tla2sany\StandardModules\Naturals.tla
Parsing file C:\toolbox\plugins\org.lamport.tlatools_1.0.0.202012311918\tla2sany\StandardModules\FiniteSets.tla
Parsing file C:\toolbox\plugins\org.lamport.tlatools_1.0.0.202012311918\tla2sany\StandardModules\Sequences.tla
Semantic processing of module wgc
Semantic processing of module Naturals
Semantic processing of module Sequences
Semantic processing of module FiniteSets
Semantic processing of module TLC
Semantic processing of module Toolbox
Semantic processing of module TE
@!@!@STARTMSG 2219:0 @!@!@
SANY finished.
@!@!@ENDMSG 2219 @!@!@
@!@!@STARTMSG 2185:0 @!@!@
Starting... (2025-02-19 15:00:20)
@!@!@ENDMSG 2185 @!@!@
@!@!@STARTMSG 2189:0 @!@!@
Computing initial states...
@!@!@ENDMSG 2189 @!@!@
@!@!@STARTMSG 2190:0 @!@!@
Finished computing initial states: 1 distinct state generated at 2025-02-19 15:00:20.
@!@!@ENDMSG 2190 @!@!@
@!@!@STARTMSG 2114:1 @!@!@
Deadlock reached.
@!@!@ENDMSG 2114 @!@!@
@!@!@STARTMSG 2121:1 @!@!@
The behavior up to this point is:
@!@!@ENDMSG 2121 @!@!@
@!@!@STARTMSG 2217:4 @!@!@
1: <Initial predicate>
/\ right = {}
/\ left = {"Wolf", "Goat", "Cabbage", "Farmer"}

@!@!@ENDMSG 2217 @!@!@
@!@!@STARTMSG 2217:4 @!@!@
2: <next_sa_0 line 31, col 9 to line 39, col 14 of module TE>
/\ right = {"Goat", "Farmer"}
/\ left = {"Wolf", "Cabbage"}

@!@!@ENDMSG 2217 @!@!@
@!@!@STARTMSG 2217:4 @!@!@
3: <next_sa_1 line 45, col 9 to line 53, col 14 of module TE>
/\ right = {"Goat"}
/\ left = {"Wolf", "Cabbage", "Farmer"}

@!@!@ENDMSG 2217 @!@!@
@!@!@STARTMSG 2217:4 @!@!@
4: <next_sa_2 line 59, col 9 to line 67, col 14 of module TE>
/\ right = {"Goat", "Cabbage", "Farmer"}
/\ left = {"Wolf"}

@!@!@ENDMSG 2217 @!@!@
@!@!@STARTMSG 2217:4 @!@!@
5: <next_sa_3 line 73, col 9 to line 81, col 14 of module TE>
/\ right = {"Cabbage"}
/\ left = {"Wolf", "Goat", "Farmer"}

@!@!@ENDMSG 2217 @!@!@
@!@!@STARTMSG 2217:4 @!@!@
6: <next_sa_4 line 87, col 9 to line 95, col 14 of module TE>
/\ right = {"Wolf", "Cabbage", "Farmer"}
/\ left = {"Goat"}

@!@!@ENDMSG 2217 @!@!@
@!@!@STARTMSG 2217:4 @!@!@
7: <next_sa_5 line 101, col 9 to line 109, col 14 of module TE>
/\ right = {"Wolf", "Cabbage"}
/\ left = {"Goat", "Farmer"}

@!@!@ENDMSG 2217 @!@!@
@!@!@STARTMSG 2217:4 @!@!@
8: <next_sa_6 line 115, col 9 to line 123, col 14 of module TE>
/\ right = {"Wolf", "Goat", "Cabbage", "Farmer"}
/\ left = {}

@!@!@ENDMSG 2217 @!@!@
@!@!@STARTMSG 2200:0 @!@!@
Progress(8) at 2025-02-19 15:00:20: 8 states generated (923 s/min), 8 distinct states found (923 ds/min), 0 states left on queue.
@!@!@ENDMSG 2200 @!@!@
@!@!@STARTMSG 2199:0 @!@!@
8 states generated, 8 distinct states found, 0 states left on queue.
@!@!@ENDMSG 2199 @!@!@
@!@!@STARTMSG 2194:0 @!@!@
The depth of the complete state graph search is 8.
@!@!@ENDMSG 2194 @!@!@
@!@!@STARTMSG 2268:0 @!@!@
The average outdegree of the complete state graph is 1 (minimum is 0, the maximum 1 and the 95th percentile is 1).
@!@!@ENDMSG 2268 @!@!@
@!@!@STARTMSG 2186:0 @!@!@
Finished in 526ms at (2025-02-19 15:00:20)
@!@!@ENDMSG 2186 @!@!@
